[debug] [2021-08-03T08:02:12.838Z] ----------------------------------------------------------------------
[debug] [2021-08-03T08:02:12.839Z] Command:       C:\Program Files\nodejs\node.exe C:\Users\terom\AppData\Roaming\npm\node_modules\firebase-tools\lib\bin\firebase.js init
[debug] [2021-08-03T08:02:12.840Z] CLI Version:   9.16.0
[debug] [2021-08-03T08:02:12.840Z] Platform:      win32
[debug] [2021-08-03T08:02:12.840Z] Node Version:  v14.17.0
[debug] [2021-08-03T08:02:12.841Z] Time:          Tue Aug 03 2021 11:02:12 GMT+0300 (Itä-Euroopan kesäaika)
[debug] [2021-08-03T08:02:12.841Z] ----------------------------------------------------------------------
[debug] 
[debug] [2021-08-03T08:02:12.887Z] > command requires scopes: ["email","openid","https://www.googleapis.com/auth/cloudplatformprojects.readonly","https://www.googleapis.com/auth/firebase","https://www.googleapis.com/auth/cloud-platform"]
[debug] [2021-08-03T08:02:12.887Z] > authorizing via signed-in user (teromese@hotmail.com)
[info] 
     ######## #### ########  ######## ########     ###     ######  ########
     ##        ##  ##     ## ##       ##     ##  ##   ##  ##       ##
     ######    ##  ########  ######   ########  #########  ######  ######
     ##        ##  ##    ##  ##       ##     ## ##     ##       ## ##
     ##       #### ##     ## ######## ########  ##     ##  ######  ########

You're about to initialize a Firebase project in this directory:

  F:\Web-Kehitys 2020\harjoitustyö\recipe-app

Before we get started, keep in mind:

  * You are initializing within an existing Firebase project directory

